<?xml version="1.0" encoding="UTF-8"?>
<testsuite xmlns:xsi="http://www.w3.org/2001/XMLSchema-instance" xsi:noNamespaceSchemaLocation="https://maven.apache.org/surefire/maven-surefire-plugin/xsd/surefire-test-report.xsd" name="ru.yandex.practicum.CourierTest" time="4.085" tests="4" errors="0" skipped="0" failures="0">
  <properties>
[...]
</properties>
  <testcase name="createCourierTestWithoutRequiredFields" classname="ru.yandex.practicum.CourierTest" time="2.419"/>
  <testcase name="createCourierTest" classname="ru.yandex.practicum.CourierTest" time="0.908"/>
  <testcase name="createCourierTestWithRequiredFields" classname="ru.yandex.practicum.CourierTest" time="0.41"/>
  <testcase name="createTheSameCourierTest" classname="ru.yandex.practicum.CourierTest" time="0.238"/>
</testsuite>